<?xml version="1.0" encoding="UTF-8"?>
<!-- Generated by org.testng.reporters.JUnitReportReporter -->
<testsuite hostname="THORPC" name="test.sample.TestGet" tests="1" failures="0" timestamp="26 Dec 2013 22:57:53 GMT" time="1.027" errors="0">
  <testcase name="testGetRequest" time="1.027" classname="test.sample.TestGet"/>
</testsuite> <!-- test.sample.TestGet -->
